2018/08/11 20:09:22 にビルドを開始しました。
     1>ノード 2 上のプロジェクト "D:\ProgramingLanguage\205_OpenCV\Windows\project\test\Mouse\Mouse.vcxproj" (build ターゲット)。
     1>InitializeBuildStatus:
         "AlwaysCreate" が指定されたため "Release\Mouse.unsuccessfulbuild" を作成しています。
       ClCompile:
         すべての出力が最新のものです。
         c:\Program Files (x86)\Microsoft Visual Studio 10.0\VC\bin\CL.exe /c /IC:\opencv2.4.9\build\include /Zi /nologo /W3 /WX- /O2 /Oi /Oy- /GL /D WIN32 /D NDEBUG /D _CONSOLE /D _UNICODE /D UNICODE /Gm- /EHsc /MD /GS /Gy /fp:precise /Zc:wchar_t /Zc:forScope /Yu"StdAfx.h" /Fp"Release\Mouse.pch" /Fo"Release\\" /Fd"Release\vc100.pdb" /Gd /TP /analyze- /errorReport:prompt Mouse.cpp
         Mouse.cpp
       Link:
         c:\Program Files (x86)\Microsoft Visual Studio 10.0\VC\bin\link.exe /ERRORREPORT:PROMPT /OUT:"D:\ProgramingLanguage\205_OpenCV\Windows\project\test\Release\Mouse.exe" /INCREMENTAL:NO /NOLOGO /LIBPATH:C:\opencv2.4.9\build\x86\vc10\lib opencv_calib3d249.lib opencv_calib3d249d.lib opencv_contrib249.lib opencv_contrib249d.lib opencv_core249.lib opencv_core249d.lib opencv_features2d249.lib opencv_features2d249d.lib opencv_flann249.lib opencv_flann249d.lib opencv_gpu249.lib opencv_gpu249d.lib opencv_highgui249.lib opencv_highgui249d.lib opencv_imgproc249.lib opencv_imgproc249d.lib opencv_legacy249.lib opencv_legacy249d.lib opencv_ml249.lib opencv_ml249d.lib opencv_nonfree249.lib opencv_nonfree249d.lib opencv_objdetect249.lib opencv_objdetect249d.lib opencv_ocl249.lib opencv_ocl249d.lib opencv_photo249.lib opencv_photo249d.lib opencv_stitching249.lib opencv_stitching249d.lib opencv_superres249.lib opencv_superres249d.lib opencv_ts249.lib opencv_ts249d.lib opencv_video249.lib opencv_video249d.lib opencv_videostab249.lib opencv_videostab249d.lib kernel32.lib user32.lib gdi32.lib winspool.lib comdlg32.lib advapi32.lib shell32.lib ole32.lib oleaut32.lib uuid.lib odbc32.lib odbccp32.lib /MANIFEST /ManifestFile:"Release\Mouse.exe.intermediate.manifest" /MANIFESTUAC:"level='asInvoker' uiAccess='false'" /DEBUG /PDB:"D:\ProgramingLanguage\205_OpenCV\Windows\project\test\Release\Mouse.pdb" /SUBSYSTEM:CONSOLE /OPT:REF /OPT:ICF /LTCG /TLBID:1 /DYNAMICBASE /NXCOMPAT /IMPLIB:"D:\ProgramingLanguage\205_OpenCV\Windows\project\test\Release\Mouse.lib" /MACHINE:X86 Release\Mouse.obj
         Release\stdafx.obj
         コード生成しています。
         コード生成が終了しました。
         Mouse.vcxproj -> D:\ProgramingLanguage\205_OpenCV\Windows\project\test\Release\Mouse.exe
       Manifest:
         C:\Program Files (x86)\Microsoft SDKs\Windows\v7.0A\bin\mt.exe /nologo /verbose /outputresource:"D:\ProgramingLanguage\205_OpenCV\Windows\project\test\Release\Mouse.exe;#1" /manifest Release\Mouse.exe.intermediate.manifest
       FinalizeBuildStatus:
         ファイル "Release\Mouse.unsuccessfulbuild" を削除しています。
         "Release\Mouse.lastbuildstate" のタッチ タスクを実行しています。
     1>プロジェクト "D:\ProgramingLanguage\205_OpenCV\Windows\project\test\Mouse\Mouse.vcxproj" (build ターゲット) のビルドが完了しました。

ビルドに成功しました。

経過時間 00:00:01.13
