2018/08/08 20:57:31 にビルドを開始しました。
     1>ノード 2 上のプロジェクト "D:\ProgramingLanguage\205_OpenCV\Windows\project\test\100_ImageProcessing\100_ImageProcessing.vcxproj" (build ターゲット)。
     1>InitializeBuildStatus:
         "AlwaysCreate" が指定されたため "Debug\100_ImageProcessing.unsuccessfulbuild" を作成しています。
       ClCompile:
         すべての出力が最新のものです。
         c:\Program Files (x86)\Microsoft Visual Studio 10.0\VC\bin\CL.exe /c /IC:\opencv2.4.9\build\include /ZI /nologo /W3 /WX- /Od /Oy- /D WIN32 /D _DEBUG /D _CONSOLE /D _UNICODE /D UNICODE /Gm /EHsc /RTC1 /MDd /GS /fp:precise /Zc:wchar_t /Zc:forScope /Yu"StdAfx.h" /Fp"Debug\100_ImageProcessing.pch" /Fo"Debug\\" /Fd"Debug\vc100.pdb" /Gd /TP /analyze- /errorReport:prompt 100_ImageProcessing.cpp
         100_ImageProcessing.cpp
       ManifestResourceCompile:
         すべての出力が最新のものです。
       Link:
         c:\Program Files (x86)\Microsoft Visual Studio 10.0\VC\bin\link.exe /ERRORREPORT:PROMPT /OUT:"D:\ProgramingLanguage\205_OpenCV\Windows\project\test\Debug\100_ImageProcessing.exe" /INCREMENTAL /NOLOGO /LIBPATH:C:\opencv2.4.9\build\x86\vc10\lib opencv_calib3d249.lib opencv_calib3d249d.lib opencv_contrib249.lib opencv_contrib249d.lib opencv_core249.lib opencv_core249d.lib opencv_features2d249.lib opencv_features2d249d.lib opencv_flann249.lib opencv_flann249d.lib opencv_gpu249.lib opencv_gpu249d.lib opencv_highgui249.lib opencv_highgui249d.lib opencv_imgproc249.lib opencv_imgproc249d.lib opencv_legacy249.lib opencv_legacy249d.lib opencv_ml249.lib opencv_ml249d.lib opencv_nonfree249.lib opencv_nonfree249d.lib opencv_objdetect249.lib opencv_objdetect249d.lib opencv_ocl249.lib opencv_ocl249d.lib opencv_photo249.lib opencv_photo249d.lib opencv_stitching249.lib opencv_stitching249d.lib opencv_superres249.lib opencv_superres249d.lib opencv_ts249.lib opencv_ts249d.lib opencv_video249.lib opencv_video249d.lib opencv_videostab249.lib opencv_videostab249d.lib kernel32.lib user32.lib gdi32.lib winspool.lib comdlg32.lib advapi32.lib shell32.lib ole32.lib oleaut32.lib uuid.lib odbc32.lib odbccp32.lib /MANIFEST /ManifestFile:"Debug\100_ImageProcessing.exe.intermediate.manifest" /MANIFESTUAC:"level='asInvoker' uiAccess='false'" /DEBUG /PDB:"D:\ProgramingLanguage\205_OpenCV\Windows\project\test\Debug\100_ImageProcessing.pdb" /SUBSYSTEM:CONSOLE /TLBID:1 /DYNAMICBASE /NXCOMPAT /IMPLIB:"D:\ProgramingLanguage\205_OpenCV\Windows\project\test\Debug\100_ImageProcessing.lib" /MACHINE:X86 Debug\100_ImageProcessing.exe.embed.manifest.res
         Debug\100_ImageProcessing.obj
         Debug\stdafx.obj
       Manifest:
         C:\Program Files (x86)\Microsoft SDKs\Windows\v7.0A\bin\mt.exe /nologo /verbose /out:"Debug\100_ImageProcessing.exe.embed.manifest" /manifest Debug\100_ImageProcessing.exe.intermediate.manifest
         すべての出力が最新のものです。
       LinkEmbedManifest:
         すべての出力が最新のものです。
         100_ImageProcessing.vcxproj -> D:\ProgramingLanguage\205_OpenCV\Windows\project\test\Debug\100_ImageProcessing.exe
       FinalizeBuildStatus:
         ファイル "Debug\100_ImageProcessing.unsuccessfulbuild" を削除しています。
         "Debug\100_ImageProcessing.lastbuildstate" のタッチ タスクを実行しています。
     1>プロジェクト "D:\ProgramingLanguage\205_OpenCV\Windows\project\test\100_ImageProcessing\100_ImageProcessing.vcxproj" (build ターゲット) のビルドが完了しました。

ビルドに成功しました。

経過時間 00:00:02.05
