D:\Project\205_OpenCV\Windows\project\test\001_CameraInput\Debug\001_CameraInput.exe.embed.manifest
D:\PROJECT\205_OPENCV\WINDOWS\PROJECT\TEST\001_CAMERAINPUT\DEBUG\001_CAMERAINPUT.EXE.EMBED.MANIFEST.RES
D:\Project\205_OpenCV\Windows\project\test\001_CameraInput\Debug\001_CameraInput.exe.intermediate.manifest
D:\PROJECT\205_OPENCV\WINDOWS\PROJECT\TEST\001_CAMERAINPUT\DEBUG\001_CAMERAINPUT.OBJ
D:\PROJECT\205_OPENCV\WINDOWS\PROJECT\TEST\001_CAMERAINPUT\DEBUG\001_CAMERAINPUT.PCH
D:\Project\205_OpenCV\Windows\project\test\001_CameraInput\Debug\001_CameraInput.write.1.tlog
D:\Project\205_OpenCV\Windows\project\test\001_CameraInput\Debug\001_CameraInput_manifest.rc
D:\Project\205_OpenCV\Windows\project\test\001_CameraInput\Debug\cl.command.1.tlog
D:\Project\205_OpenCV\Windows\project\test\001_CameraInput\Debug\CL.read.1.tlog
D:\Project\205_OpenCV\Windows\project\test\001_CameraInput\Debug\CL.write.1.tlog
D:\Project\205_OpenCV\Windows\project\test\001_CameraInput\Debug\link.command.1.tlog
D:\Project\205_OpenCV\Windows\project\test\001_CameraInput\Debug\link.read.1.tlog
D:\Project\205_OpenCV\Windows\project\test\001_CameraInput\Debug\link.write.1.tlog
D:\Project\205_OpenCV\Windows\project\test\001_CameraInput\Debug\link-cvtres.read.1.tlog
D:\Project\205_OpenCV\Windows\project\test\001_CameraInput\Debug\link-cvtres.write.1.tlog
D:\Project\205_OpenCV\Windows\project\test\001_CameraInput\Debug\rc.command.1.tlog
D:\Project\205_OpenCV\Windows\project\test\001_CameraInput\Debug\rc.read.1.tlog
D:\Project\205_OpenCV\Windows\project\test\001_CameraInput\Debug\rc.write.1.tlog
D:\PROJECT\205_OPENCV\WINDOWS\PROJECT\TEST\001_CAMERAINPUT\DEBUG\STDAFX.OBJ
D:\Project\205_OpenCV\Windows\project\test\001_CameraInput\Debug\vc100.idb
D:\PROJECT\205_OPENCV\WINDOWS\PROJECT\TEST\001_CAMERAINPUT\DEBUG\VC100.PDB
D:\Project\205_OpenCV\Windows\project\test\Debug\001_CameraInput.pdb
