video capture start
画像サイズ幅 : 1920.000000[pixel]
画像サイズ高さ : 1080.000000[pixel]
FPS : 59.416667[frame/s]
総フレーム数 : 288.000000[frame]
動画時間 : 4.847125[s]
frame : 1.000000, ms : 16.830295, ratio : 0.000011
frame : 2.000000, ms : 33.660589, ratio : 0.000011
frame : 3.000000, ms : 50.490884, ratio : 0.000011
frame : 4.000000, ms : 67.321178, ratio : 0.000011
frame : 5.000000, ms : 84.151473, ratio : 0.000011
frame : 6.000000, ms : 100.981767, ratio : 0.000011
frame : 7.000000, ms : 117.812062, ratio : 0.000011
frame : 8.000000, ms : 134.642356, ratio : 0.000011
frame : 9.000000, ms : 151.472651, ratio : 0.000011
frame : 10.000000, ms : 168.302945, ratio : 0.000011
frame : 11.000000, ms : 185.133240, ratio : 0.000011
frame : 12.000000, ms : 201.963534, ratio : 0.000011
frame : 13.000000, ms : 218.793829, ratio : 0.000011
frame : 14.000000, ms : 235.624123, ratio : 0.000011
frame : 15.000000, ms : 252.454418, ratio : 0.000011
frame : 16.000000, ms : 269.284712, ratio : 0.000011
frame : 17.000000, ms : 286.115007, ratio : 0.000011
frame : 18.000000, ms : 302.945302, ratio : 0.000011
frame : 19.000000, ms : 319.775596, ratio : 0.000011
frame : 20.000000, ms : 336.605891, ratio : 0.000011
frame : 21.000000, ms : 353.436185, ratio : 0.000011
frame : 22.000000, ms : 370.266480, ratio : 0.000011
frame : 23.000000, ms : 387.096774, ratio : 0.000011
frame : 24.000000, ms : 403.927069, ratio : 0.000011
frame : 25.000000, ms : 420.757363, ratio : 0.000011
frame : 26.000000, ms : 437.587658, ratio : 0.000011
frame : 27.000000, ms : 454.417952, ratio : 0.000011
frame : 28.000000, ms : 471.248247, ratio : 0.000011
frame : 29.000000, ms : 488.078541, ratio : 0.000011
frame : 30.000000, ms : 504.908836, ratio : 0.000011
frame : 31.000000, ms : 521.739130, ratio : 0.000011
frame : 32.000000, ms : 538.569425, ratio : 0.000011
frame : 33.000000, ms : 555.399719, ratio : 0.000011
frame : 34.000000, ms : 572.230014, ratio : 0.000011
frame : 35.000000, ms : 589.060309, ratio : 0.000011
frame : 36.000000, ms : 605.890603, ratio : 0.000011
frame : 37.000000, ms : 622.720898, ratio : 0.000011
frame : 38.000000, ms : 639.551192, ratio : 0.000011
frame : 39.000000, ms : 656.381487, ratio : 0.000011
frame : 40.000000, ms : 673.211781, ratio : 0.000011
frame : 41.000000, ms : 690.042076, ratio : 0.000011
frame : 42.000000, ms : 706.872370, ratio : 0.000011
frame : 43.000000, ms : 723.702665, ratio : 0.000011
frame : 44.000000, ms : 740.532959, ratio : 0.000011
frame : 45.000000, ms : 757.363254, ratio : 0.000011
frame : 46.000000, ms : 774.193548, ratio : 0.000011
frame : 47.000000, ms : 791.023843, ratio : 0.000011
frame : 48.000000, ms : 807.854137, ratio : 0.000011
frame : 49.000000, ms : 824.684432, ratio : 0.000011
frame : 50.000000, ms : 841.514727, ratio : 0.000011
frame : 51.000000, ms : 858.345021, ratio : 0.000011
frame : 52.000000, ms : 875.175316, ratio : 0.000011
frame : 53.000000, ms : 892.005610, ratio : 0.000011
frame : 54.000000, ms : 908.835905, ratio : 0.000011
frame : 55.000000, ms : 925.666199, ratio : 0.000011
frame : 56.000000, ms : 942.496494, ratio : 0.000011
frame : 57.000000, ms : 959.326788, ratio : 0.000011
frame : 58.000000, ms : 976.157083, ratio : 0.000011
frame : 59.000000, ms : 992.987377, ratio : 0.000011
frame : 60.000000, ms : 1009.817672, ratio : 0.000011
frame : 61.000000, ms : 1026.647966, ratio : 0.000011
frame : 62.000000, ms : 1043.478261, ratio : 0.000011
frame : 63.000000, ms : 1060.308555, ratio : 0.000011
frame : 64.000000, ms : 1077.138850, ratio : 0.000011
frame : 65.000000, ms : 1093.969144, ratio : 0.000011
frame : 66.000000, ms : 1110.799439, ratio : 0.000011
frame : 67.000000, ms : 1127.629734, ratio : 0.000011
frame : 68.000000, ms : 1144.460028, ratio : 0.000011
frame : 69.000000, ms : 1161.290323, ratio : 0.000011
frame : 70.000000, ms : 1178.120617, ratio : 0.000011
frame : 71.000000, ms : 1194.950912, ratio : 0.000011
frame : 72.000000, ms : 1211.781206, ratio : 0.000011
frame : 73.000000, ms : 1228.611501, ratio : 0.000011
frame : 74.000000, ms : 1245.441795, ratio : 0.000011
frame : 75.000000, ms : 1262.272090, ratio : 0.000011
frame : 76.000000, ms : 1279.102384, ratio : 0.000011
frame : 77.000000, ms : 1295.932679, ratio : 0.000011
frame : 78.000000, ms : 1312.762973, ratio : 0.000011
frame : 79.000000, ms : 1329.593268, ratio : 0.000011
frame : 80.000000, ms : 1346.423562, ratio : 0.000011
frame : 81.000000, ms : 1363.253857, ratio : 0.000011
frame : 82.000000, ms : 1380.084151, ratio : 0.000011
frame : 83.000000, ms : 1396.914446, ratio : 0.000011
frame : 84.000000, ms : 1413.744741, ratio : 0.000011
frame : 85.000000, ms : 1430.575035, ratio : 0.000011
frame : 86.000000, ms : 1447.405330, ratio : 0.000011
frame : 87.000000, ms : 1464.235624, ratio : 0.000011
frame : 88.000000, ms : 1481.065919, ratio : 0.000011
frame : 89.000000, ms : 1497.896213, ratio : 0.000011
frame : 90.000000, ms : 1514.726508, ratio : 0.000011
frame : 91.000000, ms : 1531.556802, ratio : 0.000011
frame : 92.000000, ms : 1548.387097, ratio : 0.000011
frame : 93.000000, ms : 1565.217391, ratio : 0.000011
frame : 94.000000, ms : 1582.047686, ratio : 0.000011
frame : 95.000000, ms : 1598.877980, ratio : 0.000011
frame : 96.000000, ms : 1615.708275, ratio : 0.000011
frame : 97.000000, ms : 1632.538569, ratio : 0.000011
frame : 98.000000, ms : 1649.368864, ratio : 0.000011
frame : 99.000000, ms : 1666.199158, ratio : 0.000011
frame : 100.000000, ms : 1683.029453, ratio : 0.000011
frame : 101.000000, ms : 1699.859748, ratio : 0.000011
frame : 102.000000, ms : 1716.690042, ratio : 0.000011
frame : 103.000000, ms : 1733.520337, ratio : 0.000011
frame : 104.000000, ms : 1750.350631, ratio : 0.000011
frame : 105.000000, ms : 1767.180926, ratio : 0.000011
frame : 106.000000, ms : 1784.011220, ratio : 0.000011
frame : 107.000000, ms : 1800.841515, ratio : 0.000011
frame : 108.000000, ms : 1817.671809, ratio : 0.000011
frame : 109.000000, ms : 1834.502104, ratio : 0.000011
frame : 110.000000, ms : 1851.332398, ratio : 0.000011
frame : 111.000000, ms : 1868.162693, ratio : 0.000011
frame : 112.000000, ms : 1884.992987, ratio : 0.000011
frame : 113.000000, ms : 1901.823282, ratio : 0.000011
frame : 114.000000, ms : 1918.653576, ratio : 0.000011
frame : 115.000000, ms : 1935.483871, ratio : 0.000011
frame : 116.000000, ms : 1952.314165, ratio : 0.000011
frame : 117.000000, ms : 1969.144460, ratio : 0.000011
frame : 118.000000, ms : 1985.974755, ratio : 0.000011
frame : 119.000000, ms : 2002.805049, ratio : 0.000011
frame : 120.000000, ms : 2019.635344, ratio : 0.000011
frame : 121.000000, ms : 2036.465638, ratio : 0.000011
frame : 122.000000, ms : 2053.295933, ratio : 0.000011
frame : 123.000000, ms : 2070.126227, ratio : 0.000011
frame : 124.000000, ms : 2086.956522, ratio : 0.000011
frame : 125.000000, ms : 2103.786816, ratio : 0.000011
frame : 126.000000, ms : 2120.617111, ratio : 0.000011
frame : 127.000000, ms : 2137.447405, ratio : 0.000011
frame : 128.000000, ms : 2154.277700, ratio : 0.000011
frame : 129.000000, ms : 2171.107994, ratio : 0.000011
frame : 130.000000, ms : 2187.938289, ratio : 0.000011
frame : 131.000000, ms : 2204.768583, ratio : 0.000011
frame : 132.000000, ms : 2221.598878, ratio : 0.000011
frame : 133.000000, ms : 2238.429173, ratio : 0.000011
frame : 134.000000, ms : 2255.259467, ratio : 0.000011
frame : 135.000000, ms : 2272.089762, ratio : 0.000011
frame : 136.000000, ms : 2288.920056, ratio : 0.000011
frame : 137.000000, ms : 2305.750351, ratio : 0.000011
frame : 138.000000, ms : 2322.580645, ratio : 0.000011
frame : 139.000000, ms : 2339.410940, ratio : 0.000011
frame : 140.000000, ms : 2356.241234, ratio : 0.000011
frame : 141.000000, ms : 2373.071529, ratio : 0.000011
frame : 142.000000, ms : 2389.901823, ratio : 0.000011
frame : 143.000000, ms : 2406.732118, ratio : 0.000011
frame : 144.000000, ms : 2423.562412, ratio : 0.000011
frame : 145.000000, ms : 2440.392707, ratio : 0.000011
frame : 146.000000, ms : 2457.223001, ratio : 0.000011
frame : 147.000000, ms : 2474.053296, ratio : 0.000011
frame : 148.000000, ms : 2490.883590, ratio : 0.000011
frame : 149.000000, ms : 2507.713885, ratio : 0.000011
frame : 150.000000, ms : 2524.544180, ratio : 0.000011
frame : 151.000000, ms : 2541.374474, ratio : 0.000011
frame : 152.000000, ms : 2558.204769, ratio : 0.000011
frame : 153.000000, ms : 2575.035063, ratio : 0.000011
frame : 154.000000, ms : 2591.865358, ratio : 0.000011
frame : 155.000000, ms : 2608.695652, ratio : 0.000011
frame : 156.000000, ms : 2625.525947, ratio : 0.000011
frame : 157.000000, ms : 2642.356241, ratio : 0.000011
frame : 158.000000, ms : 2659.186536, ratio : 0.000011
frame : 159.000000, ms : 2676.016830, ratio : 0.000011
frame : 160.000000, ms : 2692.847125, ratio : 0.000011
frame : 161.000000, ms : 2709.677419, ratio : 0.000011
frame : 162.000000, ms : 2726.507714, ratio : 0.000011
frame : 163.000000, ms : 2743.338008, ratio : 0.000011
waitKey : 113
video capture end
